<?xml version="1.0" encoding="UTF-8"?>
<!-- Generated by org.testng.reporters.JUnitReportReporter -->
<testsuite hostname="AgentVM" failures="0" tests="5" name="src.com.pack.common.tests.ADealInvestorPageTest" time="5.008" errors="0" timestamp="16 Sep 2021 16:37:27 GMT" skipped="5">
  <testcase classname="src.com.pack.common.tests.ADealInvestorPageTest" name="verifyuserinAdmin" time="1.002">
    <skipped/>
  </testcase> <!-- verifyuserinAdmin -->
  <testcase classname="src.com.pack.common.tests.ADealInvestorPageTest" name="updateContactDetail" time="1.003">
    <skipped/>
  </testcase> <!-- updateContactDetail -->
  <testcase classname="src.com.pack.common.tests.ADealInvestorPageTest" name="updateRegistrationStatus" time="1.001">
    <skipped/>
  </testcase> <!-- updateRegistrationStatus -->
  <testcase classname="src.com.pack.common.tests.ADealInvestorPageTest" name="AddDepositAmount" time="1.001">
    <skipped/>
  </testcase> <!-- AddDepositAmount -->
  <testcase classname="src.com.pack.common.tests.ADealInvestorPageTest" name="UploadUserDocuments" time="1.001">
    <skipped/>
  </testcase> <!-- UploadUserDocuments -->
</testsuite> <!-- src.com.pack.common.tests.ADealInvestorPageTest -->
