<?xml version="1.0" encoding="UTF-8"?>
<!-- Generated by org.testng.reporters.JUnitReportReporter -->
<testsuite hostname="AgentVM" failures="0" tests="3" name="src.com.pack.common.tests.SignUpTest" time="3.007" errors="0" timestamp="16 Sep 2021 16:37:27 GMT" skipped="3">
  <testcase classname="src.com.pack.common.tests.SignUpTest" name="Signup" time="1.003">
    <skipped/>
  </testcase> <!-- Signup -->
  <testcase classname="src.com.pack.common.tests.SignUpTest" name="verifyuserinAdmin" time="1.002">
    <skipped/>
  </testcase> <!-- verifyuserinAdmin -->
  <testcase classname="src.com.pack.common.tests.SignUpTest" name="VerifyEmail" time="1.002">
    <skipped/>
  </testcase> <!-- VerifyEmail -->
</testsuite> <!-- src.com.pack.common.tests.SignUpTest -->
