<?xml version="1.0" encoding="UTF-8"?>
<!-- Generated by org.testng.reporters.JUnitReportReporter -->
<testsuite hostname="AgentVM" failures="0" tests="2" name="src.com.pack.common.tests.ADeletePageTest" time="2.004" errors="0" timestamp="16 Sep 2021 16:37:27 GMT" skipped="2">
  <testcase classname="src.com.pack.common.tests.ADeletePageTest" name="adeleteInvestorImage" time="1.002">
    <skipped/>
  </testcase> <!-- adeleteInvestorImage -->
  <testcase classname="src.com.pack.common.tests.ADeletePageTest" name="bdeleteDeal" time="1.002">
    <skipped/>
  </testcase> <!-- bdeleteDeal -->
</testsuite> <!-- src.com.pack.common.tests.ADeletePageTest -->
