<?xml version="1.0" encoding="UTF-8"?>
<!-- Generated by org.testng.reporters.JUnitReportReporter -->
<testsuite hostname="AgentVM" failures="0" tests="3" name="src.com.pack.common.tests.DealViewTest" time="3.005" errors="0" timestamp="16 Sep 2021 16:37:27 GMT" skipped="3">
  <testcase classname="src.com.pack.common.tests.DealViewTest" name="InvitationsDeal" time="1.002">
    <skipped/>
  </testcase> <!-- InvitationsDeal -->
  <testcase classname="src.com.pack.common.tests.DealViewTest" name="MyOriginationDeal" time="1.001">
    <skipped/>
  </testcase> <!-- MyOriginationDeal -->
  <testcase classname="src.com.pack.common.tests.DealViewTest" name="OpenHuddlesDeal" time="1.002">
    <skipped/>
  </testcase> <!-- OpenHuddlesDeal -->
</testsuite> <!-- src.com.pack.common.tests.DealViewTest -->
