<?xml version="1.0" encoding="UTF-8"?>
<!-- Generated by org.testng.reporters.JUnitReportReporter -->
<testsuite hostname="AgentVM" failures="0" tests="2" name="src.com.pack.common.tests.IconPageTest" time="2.004" errors="0" timestamp="16 Sep 2021 16:37:27 GMT" skipped="2">
  <testcase classname="src.com.pack.common.tests.IconPageTest" name="NotificationSet" time="1.002">
    <skipped/>
  </testcase> <!-- NotificationSet -->
  <testcase classname="src.com.pack.common.tests.IconPageTest" name="MyProfileDetails" time="1.002">
    <skipped/>
  </testcase> <!-- MyProfileDetails -->
</testsuite> <!-- src.com.pack.common.tests.IconPageTest -->
