<?xml version="1.0" encoding="UTF-8"?>
<!-- Generated by org.testng.reporters.JUnitReportReporter -->
<testsuite hostname="AgentVM" failures="0" tests="4" name="src.com.pack.common.tests.AInvestonDealTest" time="4.009" errors="0" timestamp="16 Sep 2021 16:37:27 GMT" skipped="4">
  <testcase classname="src.com.pack.common.tests.AInvestonDealTest" name="aUploadDocumentOnDeal" time="1.002">
    <skipped/>
  </testcase> <!-- aUploadDocumentOnDeal -->
  <testcase classname="src.com.pack.common.tests.AInvestonDealTest" name="bInvestonDeal" time="1.004">
    <skipped/>
  </testcase> <!-- bInvestonDeal -->
  <testcase classname="src.com.pack.common.tests.AInvestonDealTest" name="cverifyAmountInvestor" time="1.001">
    <skipped/>
  </testcase> <!-- cverifyAmountInvestor -->
  <testcase classname="src.com.pack.common.tests.AInvestonDealTest" name="dDeleteInvestment" time="1.002">
    <skipped/>
  </testcase> <!-- dDeleteInvestment -->
</testsuite> <!-- src.com.pack.common.tests.AInvestonDealTest -->
