<?xml version="1.0" encoding="UTF-8"?>
<!-- Generated by org.testng.reporters.JUnitReportReporter -->
<testsuite hostname="AgentVM" failures="0" tests="4" name="src.com.pack.common.tests.RegistrationTest" time="4.008" errors="0" timestamp="16 Sep 2021 16:37:27 GMT" skipped="4">
  <testcase classname="src.com.pack.common.tests.RegistrationTest" name="selfAccredition" time="1.003">
    <skipped/>
  </testcase> <!-- selfAccredition -->
  <testcase classname="src.com.pack.common.tests.RegistrationTest" name="contactInfo" time="1.001">
    <skipped/>
  </testcase> <!-- contactInfo -->
  <testcase classname="src.com.pack.common.tests.RegistrationTest" name="bankDetail" time="1.001">
    <skipped/>
  </testcase> <!-- bankDetail -->
  <testcase classname="src.com.pack.common.tests.RegistrationTest" name="documents" time="1.003">
    <skipped/>
  </testcase> <!-- documents -->
</testsuite> <!-- src.com.pack.common.tests.RegistrationTest -->
