<?xml version="1.0" encoding="UTF-8"?>
<!-- Generated by org.testng.reporters.JUnitReportReporter -->
<testsuite hostname="AgentVM" failures="0" tests="1" name="src.com.pack.common.tests.CDealCreateTest" time="1.000" errors="0" timestamp="16 Sep 2021 17:07:49 GMT" skipped="1">
  <testcase classname="src.com.pack.common.tests.CDealCreateTest" name="dealDetails" time="1.000">
    <skipped/>
  </testcase> <!-- dealDetails -->
</testsuite> <!-- src.com.pack.common.tests.CDealCreateTest -->
